app/build/intermediates/manifest_merge_blame_file/debug/manifest-merger-blame-debug-report.txt
1<?xml version="1.0" encoding="utf-8"?>
2<manifest xmlns:android="http://schemas.android.com/apk/res/android"
3    package="com.group04.studentaide"
4    android:versionCode="1"
5    android:versionName="1.0" >
6
7    <uses-sdk
8        android:minSdkVersion="28"
8-->src\main\AndroidManifest.xml
9        android:targetSdkVersion="30" />
9-->src\main\AndroidManifest.xml
10
11    <!-- Although the *SdkVersion is captured in gradle build files, this is required for non gradle builds -->
12    <!-- <uses-sdk android:minSdkVersion="14" /> -->
13    <uses-permission android:name="android.permission.ACCESS_NETWORK_STATE" />
13-->[com.google.firebase:firebase-firestore:22.0.0] AndroidManifest.xml:13:5-79
13-->[com.google.firebase:firebase-firestore:22.0.0] AndroidManifest.xml:13:22-76
14    <uses-permission android:name="android.permission.INTERNET" />
14-->[com.google.firebase:firebase-firestore:22.0.0] AndroidManifest.xml:14:5-67
14-->[com.google.firebase:firebase-firestore:22.0.0] AndroidManifest.xml:14:22-64
15
16    <application
16-->src\main\AndroidManifest.xml:5:5-55:19
17        android:allowBackup="true"
17-->src\main\AndroidManifest.xml:6:9-35
18        android:appComponentFactory="androidx.core.app.CoreComponentFactory"
18-->[androidx.core:core:1.3.1] AndroidManifest.xml:24:18-86
19        android:debuggable="true"
20        android:extractNativeLibs="false"
21        android:icon="@mipmap/ic_launcher"
21-->src\main\AndroidManifest.xml:7:9-43
22        android:label="StudentAide"
22-->src\main\AndroidManifest.xml:8:9-36
23        android:roundIcon="@mipmap/ic_launcher_round"
23-->src\main\AndroidManifest.xml:9:9-54
24        android:supportsRtl="true"
24-->src\main\AndroidManifest.xml:10:9-35
25        android:testOnly="true"
26        android:theme="@style/AppTheme" >
26-->src\main\AndroidManifest.xml:11:9-40
27        <activity
27-->src\main\AndroidManifest.xml:12:9-13:67
28            android:name="com.group04.studentaide.studySessionPlan"
28-->src\main\AndroidManifest.xml:12:19-51
29            android:parentActivityName="com.group04.studentaide.studySession" />
29-->src\main\AndroidManifest.xml:13:13-55
30        <activity
30-->src\main\AndroidManifest.xml:14:9-16:58
31            android:name="com.group04.studentaide.studySession"
31-->src\main\AndroidManifest.xml:15:13-41
32            android:parentActivityName="com.group04.studentaide.MainActivity" />
32-->src\main\AndroidManifest.xml:16:13-55
33        <activity
33-->src\main\AndroidManifest.xml:17:9-19:58
34            android:name="com.group04.studentaide.studyStatistics"
34-->src\main\AndroidManifest.xml:18:13-44
35            android:parentActivityName="com.group04.studentaide.MainActivity" />
35-->src\main\AndroidManifest.xml:19:13-55
36        <activity
36-->src\main\AndroidManifest.xml:20:9-22:61
37            android:name="com.group04.studentaide.courseCreation"
37-->src\main\AndroidManifest.xml:21:13-43
38            android:parentActivityName="com.group04.studentaide.coursesActivity" />
38-->src\main\AndroidManifest.xml:22:13-58
39        <activity
39-->src\main\AndroidManifest.xml:23:9-25:58
40            android:name="com.group04.studentaide.coursesActivity"
40-->src\main\AndroidManifest.xml:24:13-44
41            android:parentActivityName="com.group04.studentaide.MainActivity" />
41-->src\main\AndroidManifest.xml:25:13-55
42        <activity
42-->src\main\AndroidManifest.xml:26:9-28:58
43            android:name="com.group04.studentaide.calendarActivity"
43-->src\main\AndroidManifest.xml:27:13-45
44            android:parentActivityName="com.group04.studentaide.MainActivity" />
44-->src\main\AndroidManifest.xml:28:13-55
45        <activity
45-->src\main\AndroidManifest.xml:29:9-31:59
46            android:name="com.group04.studentaide.registration"
46-->src\main\AndroidManifest.xml:30:13-41
47            android:parentActivityName="com.group04.studentaide.loginActivity" />
47-->src\main\AndroidManifest.xml:31:13-56
48        <activity
48-->src\main\AndroidManifest.xml:32:9-40:20
49            android:name="com.group04.studentaide.loadingscreen"
49-->src\main\AndroidManifest.xml:33:13-42
50            android:theme="@style/Theme.AppCompat.DayNight.NoActionBar" >
50-->src\main\AndroidManifest.xml:34:13-72
51            <intent-filter>
51-->src\main\AndroidManifest.xml:35:13-39:29
52                <action android:name="android.intent.action.MAIN" />
52-->src\main\AndroidManifest.xml:36:17-69
52-->src\main\AndroidManifest.xml:36:25-66
53
54                <category android:name="android.intent.category.LAUNCHER" />
54-->src\main\AndroidManifest.xml:38:17-77
54-->src\main\AndroidManifest.xml:38:27-74
55            </intent-filter>
56        </activity>
57        <activity
57-->src\main\AndroidManifest.xml:41:9-47:20
58            android:name="com.group04.studentaide.loginActivity"
58-->src\main\AndroidManifest.xml:42:13-42
59            android:parentActivityName="com.group04.studentaide.MainActivity" >
59-->src\main\AndroidManifest.xml:43:13-55
60            <meta-data
60-->src\main\AndroidManifest.xml:44:13-46:49
61                android:name="android.support.PARENT_ACTIVITY"
61-->src\main\AndroidManifest.xml:45:17-63
62                android:value=".MainActivity" />
62-->src\main\AndroidManifest.xml:46:17-46
63        </activity>
64        <activity android:name="com.group04.studentaide.MainActivity" >
64-->src\main\AndroidManifest.xml:48:9-54:20
64-->src\main\AndroidManifest.xml:48:19-47
65            <intent-filter>
65-->src\main\AndroidManifest.xml:49:13-53:29
66                <action android:name="android.intent.action.MAIN" />
66-->src\main\AndroidManifest.xml:36:17-69
66-->src\main\AndroidManifest.xml:36:25-66
67
68                <category android:name="android.intent.category.DEFAULT" />
68-->src\main\AndroidManifest.xml:52:17-76
68-->src\main\AndroidManifest.xml:52:27-73
69            </intent-filter>
70        </activity>
71
72        <service
72-->[com.google.firebase:firebase-firestore:22.0.0] AndroidManifest.xml:17:9-23:19
73            android:name="com.google.firebase.components.ComponentDiscoveryService"
73-->[com.google.firebase:firebase-firestore:22.0.0] AndroidManifest.xml:18:13-84
74            android:directBootAware="true"
74-->[com.google.firebase:firebase-common:19.4.0] AndroidManifest.xml:35:13-43
75            android:exported="false" >
75-->[com.google.firebase:firebase-firestore:22.0.0] AndroidManifest.xml:19:13-37
76            <meta-data
76-->[com.google.firebase:firebase-firestore:22.0.0] AndroidManifest.xml:20:13-22:85
77                android:name="com.google.firebase.components:com.google.firebase.firestore.FirestoreRegistrar"
77-->[com.google.firebase:firebase-firestore:22.0.0] AndroidManifest.xml:21:17-111
78                android:value="com.google.firebase.components.ComponentRegistrar" />
78-->[com.google.firebase:firebase-firestore:22.0.0] AndroidManifest.xml:22:17-82
79            <meta-data
79-->[com.google.firebase:firebase-database:19.5.1] AndroidManifest.xml:32:13-34:85
80                android:name="com.google.firebase.components:com.google.firebase.database.DatabaseRegistrar"
80-->[com.google.firebase:firebase-database:19.5.1] AndroidManifest.xml:33:17-109
81                android:value="com.google.firebase.components.ComponentRegistrar" />
81-->[com.google.firebase:firebase-database:19.5.1] AndroidManifest.xml:34:17-82
82            <meta-data
82-->[com.google.firebase:firebase-auth:20.0.1] AndroidManifest.xml:77:13-79:85
83                android:name="com.google.firebase.components:com.google.firebase.auth.FirebaseAuthRegistrar"
83-->[com.google.firebase:firebase-auth:20.0.1] AndroidManifest.xml:78:17-109
84                android:value="com.google.firebase.components.ComponentRegistrar" />
84-->[com.google.firebase:firebase-auth:20.0.1] AndroidManifest.xml:79:17-82
85        </service>
86
87        <activity
87-->[com.google.firebase:firebase-auth:20.0.1] AndroidManifest.xml:27:9-44:20
88            android:name="com.google.firebase.auth.internal.GenericIdpActivity"
88-->[com.google.firebase:firebase-auth:20.0.1] AndroidManifest.xml:28:13-80
89            android:excludeFromRecents="true"
89-->[com.google.firebase:firebase-auth:20.0.1] AndroidManifest.xml:29:13-46
90            android:exported="true"
90-->[com.google.firebase:firebase-auth:20.0.1] AndroidManifest.xml:30:13-36
91            android:launchMode="singleTask"
91-->[com.google.firebase:firebase-auth:20.0.1] AndroidManifest.xml:31:13-44
92            android:theme="@android:style/Theme.Translucent.NoTitleBar" >
92-->[com.google.firebase:firebase-auth:20.0.1] AndroidManifest.xml:32:13-72
93            <intent-filter>
93-->[com.google.firebase:firebase-auth:20.0.1] AndroidManifest.xml:33:13-43:29
94                <action android:name="android.intent.action.VIEW" />
94-->[com.google.firebase:firebase-auth:20.0.1] AndroidManifest.xml:34:17-69
94-->[com.google.firebase:firebase-auth:20.0.1] AndroidManifest.xml:34:25-66
95
96                <category android:name="android.intent.category.DEFAULT" />
96-->src\main\AndroidManifest.xml:52:17-76
96-->src\main\AndroidManifest.xml:52:27-73
97                <category android:name="android.intent.category.BROWSABLE" />
97-->[com.google.firebase:firebase-auth:20.0.1] AndroidManifest.xml:37:17-78
97-->[com.google.firebase:firebase-auth:20.0.1] AndroidManifest.xml:37:27-75
98
99                <data
99-->[com.google.firebase:firebase-auth:20.0.1] AndroidManifest.xml:39:17-42:51
100                    android:host="firebase.auth"
100-->[com.google.firebase:firebase-auth:20.0.1] AndroidManifest.xml:40:21-49
101                    android:path="/"
101-->[com.google.firebase:firebase-auth:20.0.1] AndroidManifest.xml:41:21-37
102                    android:scheme="genericidp" />
102-->[com.google.firebase:firebase-auth:20.0.1] AndroidManifest.xml:42:21-48
103            </intent-filter>
104        </activity>
105        <activity
105-->[com.google.firebase:firebase-auth:20.0.1] AndroidManifest.xml:45:9-62:20
106            android:name="com.google.firebase.auth.internal.RecaptchaActivity"
106-->[com.google.firebase:firebase-auth:20.0.1] AndroidManifest.xml:46:13-79
107            android:excludeFromRecents="true"
107-->[com.google.firebase:firebase-auth:20.0.1] AndroidManifest.xml:47:13-46
108            android:exported="true"
108-->[com.google.firebase:firebase-auth:20.0.1] AndroidManifest.xml:48:13-36
109            android:launchMode="singleTask"
109-->[com.google.firebase:firebase-auth:20.0.1] AndroidManifest.xml:49:13-44
110            android:theme="@android:style/Theme.Translucent.NoTitleBar" >
110-->[com.google.firebase:firebase-auth:20.0.1] AndroidManifest.xml:50:13-72
111            <intent-filter>
111-->[com.google.firebase:firebase-auth:20.0.1] AndroidManifest.xml:51:13-61:29
112                <action android:name="android.intent.action.VIEW" />
112-->[com.google.firebase:firebase-auth:20.0.1] AndroidManifest.xml:34:17-69
112-->[com.google.firebase:firebase-auth:20.0.1] AndroidManifest.xml:34:25-66
113
114                <category android:name="android.intent.category.DEFAULT" />
114-->src\main\AndroidManifest.xml:52:17-76
114-->src\main\AndroidManifest.xml:52:27-73
115                <category android:name="android.intent.category.BROWSABLE" />
115-->[com.google.firebase:firebase-auth:20.0.1] AndroidManifest.xml:37:17-78
115-->[com.google.firebase:firebase-auth:20.0.1] AndroidManifest.xml:37:27-75
116
117                <data
117-->[com.google.firebase:firebase-auth:20.0.1] AndroidManifest.xml:39:17-42:51
118                    android:host="firebase.auth"
118-->[com.google.firebase:firebase-auth:20.0.1] AndroidManifest.xml:40:21-49
119                    android:path="/"
119-->[com.google.firebase:firebase-auth:20.0.1] AndroidManifest.xml:41:21-37
120                    android:scheme="recaptcha" />
120-->[com.google.firebase:firebase-auth:20.0.1] AndroidManifest.xml:42:21-48
121            </intent-filter>
122        </activity>
123
124        <service
124-->[com.google.firebase:firebase-auth:20.0.1] AndroidManifest.xml:64:9-73:19
125            android:name="com.google.firebase.auth.api.fallback.service.FirebaseAuthFallbackService"
125-->[com.google.firebase:firebase-auth:20.0.1] AndroidManifest.xml:65:13-101
126            android:enabled="true"
126-->[com.google.firebase:firebase-auth:20.0.1] AndroidManifest.xml:66:13-35
127            android:exported="false" >
127-->[com.google.firebase:firebase-auth:20.0.1] AndroidManifest.xml:67:13-37
128            <intent-filter>
128-->[com.google.firebase:firebase-auth:20.0.1] AndroidManifest.xml:68:13-72:29
129                <action android:name="com.google.firebase.auth.api.gms.service.START" />
129-->[com.google.firebase:firebase-auth:20.0.1] AndroidManifest.xml:69:17-89
129-->[com.google.firebase:firebase-auth:20.0.1] AndroidManifest.xml:69:25-86
130
131                <category android:name="android.intent.category.DEFAULT" />
131-->src\main\AndroidManifest.xml:52:17-76
131-->src\main\AndroidManifest.xml:52:27-73
132            </intent-filter>
133        </service>
134
135        <activity
135-->[com.google.android.gms:play-services-base:17.1.0] AndroidManifest.xml:23:9-26:75
136            android:name="com.google.android.gms.common.api.GoogleApiActivity"
136-->[com.google.android.gms:play-services-base:17.1.0] AndroidManifest.xml:24:13-79
137            android:exported="false"
137-->[com.google.android.gms:play-services-base:17.1.0] AndroidManifest.xml:25:13-37
138            android:theme="@android:style/Theme.Translucent.NoTitleBar" />
138-->[com.google.android.gms:play-services-base:17.1.0] AndroidManifest.xml:26:13-72
139
140        <provider
140-->[com.google.firebase:firebase-common:19.4.0] AndroidManifest.xml:26:9-31:39
141            android:name="com.google.firebase.provider.FirebaseInitProvider"
141-->[com.google.firebase:firebase-common:19.4.0] AndroidManifest.xml:27:13-77
142            android:authorities="com.group04.studentaide.firebaseinitprovider"
142-->[com.google.firebase:firebase-common:19.4.0] AndroidManifest.xml:28:13-72
143            android:directBootAware="true"
143-->[com.google.firebase:firebase-common:19.4.0] AndroidManifest.xml:29:13-43
144            android:exported="false"
144-->[com.google.firebase:firebase-common:19.4.0] AndroidManifest.xml:30:13-37
145            android:initOrder="100" />
145-->[com.google.firebase:firebase-common:19.4.0] AndroidManifest.xml:31:13-36
146
147        <meta-data
147-->[com.google.android.gms:play-services-basement:17.1.0] AndroidManifest.xml:23:9-25:69
148            android:name="com.google.android.gms.version"
148-->[com.google.android.gms:play-services-basement:17.1.0] AndroidManifest.xml:24:13-58
149            android:value="@integer/google_play_services_version" />
149-->[com.google.android.gms:play-services-basement:17.1.0] AndroidManifest.xml:25:13-66
150    </application>
151
152</manifest>